#
# A fatal error has been detected by the Java Runtime Environment:
#
#  EXCEPTION_ACCESS_VIOLATION (0xc0000005) at pc=0x00000000756342ef, pid=18308, tid=0x0000000000003880
#
# JRE version: Java(TM) SE Runtime Environment (8.0_181-b13) (build 1.8.0_181-b13)
# Java VM: Java HotSpot(TM) 64-Bit Server VM (25.181-b13 mixed mode windows-amd64 compressed oops)
# Problematic frame:
# C  [atio6axx.dll+0x2d42ef]
#
# Failed to write core dump. Minidumps are not enabled by default on client versions of Windows
#
# If you would like to submit a bug report, please visit:
#   http://bugreport.java.com/bugreport/crash.jsp
# The crash happened outside the Java Virtual Machine in native code.
# See problematic frame for where to report the bug.
#

---------------  T H R E A D  ---------------

Current thread (0x00000000199c1000):  JavaThread "AWT-EventQueue-0" [_thread_in_native, id=14464, stack(0x000000001a5c0000,0x000000001a6c0000)]

siginfo: ExceptionCode=0xc0000005, reading address 0x0000000023701000

Registers:
RAX=0xffffffff00000080, RBX=0x00000000fffffff0, RCX=0x00000000262068c0, RDX=0x0000000023701050
RSP=0x000000001a6bc1f0, RBP=0x000000001a6bc340, RSI=0x0000000025c85c40, RDI=0x00000000231d2dc0
R8 =0x0000000001ff4fe7, R9 =0x0000000000000070, R10=0x000000000356e340, R11=0x00000000036f7fa0
R12=0x0000000000000000, R13=0x000000001a6bc4b8, R14=0x00000000231fa598, R15=0x0000000000000000
RIP=0x00000000756342ef, EFLAGS=0x0000000000010207

Top of Stack: (sp=0x000000001a6bc1f0)
0x000000001a6bc1f0:   00000000231d2dc0 00000000756e5ae1
0x000000001a6bc200:   00000000231fa598 000000001a6bc340
0x000000001a6bc210:   0000000000000de1 00000000231d2dc0
0x000000001a6bc220:   000000001a6bc240 000000010016fb98
0x000000001a6bc230:   000000001a6bc508 00000000036570b4
0x000000001a6bc240:   00000000199c1000 0000000000000000
0x000000001a6bc250:   00000000199c1000 0000000000000000
0x000000001a6bc260:   00000000231d2e00 0000000075700631
0x000000001a6bc270:   00000000231fa598 000000001a6bc340
0x000000001a6bc280:   0000000000000000 0000000000000de1
0x000000001a6bc290:   0000002c00000000 00000000199c1000
0x000000001a6bc2a0:   0000000000000002 0000000075902083
0x000000001a6bc2b0:   00000000231d2dc0 0000000000000de1
0x000000001a6bc2c0:   000000001fe107f0 0000000003670f79
0x000000001a6bc2d0:   00007ff997859690 000000000356e3be
0x000000001a6bc2e0:   0000000025ab27a8 00000000d8870e08 

Instructions: (pc=0x00000000756342ef)
0x00000000756342cf:   00 0f 28 02 48 83 e9 80 48 83 ea 80 0f 2b 41 80
0x00000000756342df:   0f 28 42 90 0f 2b 41 90 0f 28 42 a0 0f 2b 41 a0
0x00000000756342ef:   0f 28 42 b0 0f 2b 41 b0 0f 28 42 c0 0f 2b 41 c0
0x00000000756342ff:   0f 28 42 d0 0f 2b 41 d0 0f 28 42 e0 0f 2b 41 e0 


Register to memory mapping:

RAX=0xffffffff00000080 is an unknown value
RBX=0x00000000fffffff0 is an unallocated location in the heap
RCX=0x00000000262068c0 is an unknown value
RDX=0x0000000023701050 is an unknown value
RSP=0x000000001a6bc1f0 is pointing into the stack for thread: 0x00000000199c1000
RBP=0x000000001a6bc340 is pointing into the stack for thread: 0x00000000199c1000
RSI=0x0000000025c85c40 is an unknown value
RDI=0x00000000231d2dc0 is an unknown value
R8 =0x0000000001ff4fe7 is an unknown value
R9 =0x0000000000000070 is an unknown value
R10=0x000000000356e340 is at entry_point+64 in (nmethod*)0x000000000356e190
R11=0x00000000036f7fa0 is at entry_point+32 in (nmethod*)0x00000000036f7e10
R12=0x0000000000000000 is an unknown value
R13=0x000000001a6bc4b8 is pointing into the stack for thread: 0x00000000199c1000
R14=0x00000000231fa598 is an unknown value
R15=0x0000000000000000 is an unknown value


Stack: [0x000000001a5c0000,0x000000001a6c0000],  sp=0x000000001a6bc1f0,  free space=1008k
Native frames: (J=compiled Java code, j=interpreted, Vv=VM code, C=native code)
C  [atio6axx.dll+0x2d42ef]
C  [atio6axx.dll+0x385ae1]
C  [atio6axx.dll+0x3a0631]
C  [atio6axx.dll+0x5a2083]
C  0x000000000356e3be

Java frames: (J=compiled Java code, j=interpreted, Vv=VM code)
J 1139  jogamp.opengl.gl4.GL4bcImpl.dispatch_glBindTexture1(IIJ)V (0 bytes) @ 0x000000000356e340 [0x000000000356e300+0x40]
J 1138 C1 jogamp.opengl.gl4.GL4bcImpl.glBindTexture(II)V (45 bytes) @ 0x000000000356f12c [0x000000000356e760+0x9cc]
J 1665 C1 com.jogamp.opengl.util.texture.Texture.bind(Lcom/jogamp/opengl/GL;)V (22 bytes) @ 0x00000000036f80d4 [0x00000000036f7f80+0x154]
j  com.jogamp.opengl.util.awt.TextureRenderer.beginRendering(ZIIZ)V+197
j  com.jogamp.opengl.util.awt.TextureRenderer.beginOrthoRendering(IIZ)V+5
j  com.jogamp.opengl.util.awt.TextRenderer.beginRendering(ZIIZ)V+67
j  com.jogamp.opengl.util.awt.TextRenderer.beginRendering(IIZ)V+5
j  com.jogamp.opengl.util.awt.TextRenderer.beginRendering(II)V+4
j  edu.ou.cs.cg.assignment.homework03.View.drawMode(Lcom/jogamp/opengl/GLAutoDrawable;)V+156
j  edu.ou.cs.cg.assignment.homework03.View.render(Lcom/jogamp/opengl/GLAutoDrawable;)V+28
j  edu.ou.cs.cg.assignment.homework03.View.display(Lcom/jogamp/opengl/GLAutoDrawable;)V+12
j  jogamp.opengl.GLDrawableHelper.displayImpl(Lcom/jogamp/opengl/GLAutoDrawable;)V+62
j  jogamp.opengl.GLDrawableHelper.display(Lcom/jogamp/opengl/GLAutoDrawable;)V+2
j  com.jogamp.opengl.awt.GLJPanel$Updater.display(Lcom/jogamp/opengl/GLAutoDrawable;)V+200
J 1649 C1 com.jogamp.opengl.awt.GLJPanel$10.run()V (15 bytes) @ 0x00000000036f24b4 [0x00000000036f2400+0xb4]
j  jogamp.opengl.GLDrawableHelper.invokeGLImpl(Lcom/jogamp/opengl/GLDrawable;Lcom/jogamp/opengl/GLContext;Ljava/lang/Runnable;Ljava/lang/Runnable;)V+203
j  jogamp.opengl.GLDrawableHelper.invokeGL(Lcom/jogamp/opengl/GLDrawable;Lcom/jogamp/opengl/GLContext;Ljava/lang/Runnable;Ljava/lang/Runnable;)V+72
j  com.jogamp.opengl.awt.GLJPanel$OffscreenBackend.doPaintComponent(Ljava/awt/Graphics;)V+29
j  com.jogamp.opengl.awt.GLJPanel.paintComponent(Ljava/awt/Graphics;)V+224
J 1573 C1 javax.swing.JComponent.paint(Ljava/awt/Graphics;)V (409 bytes) @ 0x00000000036a5e54 [0x00000000036a45c0+0x1894]
j  javax.swing.JComponent.paintToOffscreen(Ljava/awt/Graphics;IIIIII)V+41
j  javax.swing.RepaintManager$PaintManager.paintDoubleBuffered(Ljavax/swing/JComponent;Ljava/awt/Image;Ljava/awt/Graphics;IIII)V+163
j  javax.swing.RepaintManager$PaintManager.paint(Ljavax/swing/JComponent;Ljavax/swing/JComponent;Ljava/awt/Graphics;IIII)Z+116
J 1714 C1 javax.swing.RepaintManager.paint(Ljavax/swing/JComponent;Ljavax/swing/JComponent;Ljava/awt/Graphics;IIII)V (93 bytes) @ 0x000000000373773c [0x0000000003737260+0x4dc]
j  javax.swing.JComponent._paintImmediately(IIII)V+683
J 1749 C1 javax.swing.JComponent.paintImmediately(IIII)V (155 bytes) @ 0x0000000003754d4c [0x0000000003753fa0+0xdac]
J 1647 C1 javax.swing.RepaintManager$4.run()Ljava/lang/Void; (278 bytes) @ 0x00000000036eac3c [0x00000000036ea5a0+0x69c]
J 1646 C1 javax.swing.RepaintManager$4.run()Ljava/lang/Object; (5 bytes) @ 0x00000000036ea10c [0x00000000036ea080+0x8c]
v  ~StubRoutines::call_stub
J 1134  java.security.AccessController.doPrivileged(Ljava/security/PrivilegedAction;Ljava/security/AccessControlContext;)Ljava/lang/Object; (0 bytes) @ 0x000000000356cb66 [0x000000000356cb00+0x66]
J 1545 C1 javax.swing.RepaintManager.paintDirtyRegions(Ljava/util/Map;)V (196 bytes) @ 0x000000000368d574 [0x000000000368c100+0x1474]
J 1450 C1 javax.swing.RepaintManager.paintDirtyRegions()V (50 bytes) @ 0x0000000003642e2c [0x0000000003642bc0+0x26c]
J 1672 C1 com.jogamp.opengl.util.AWTAnimatorImpl$1.run()V (405 bytes) @ 0x00000000036fe1dc [0x00000000036fbba0+0x263c]
J 1386 C1 java.awt.event.InvocationEvent.dispatch()V (69 bytes) @ 0x0000000003621a0c [0x00000000036218c0+0x14c]
J 1461 C1 java.awt.EventQueue.dispatchEventImpl(Ljava/awt/AWTEvent;Ljava/lang/Object;)V (149 bytes) @ 0x0000000003647544 [0x0000000003645a80+0x1ac4]
J 1459 C1 java.awt.EventQueue$3.run()Ljava/lang/Void; (60 bytes) @ 0x0000000003644e8c [0x0000000003644c80+0x20c]
J 1458 C1 java.awt.EventQueue$3.run()Ljava/lang/Object; (5 bytes) @ 0x000000000364490c [0x0000000003644880+0x8c]
v  ~StubRoutines::call_stub
J 1134  java.security.AccessController.doPrivileged(Ljava/security/PrivilegedAction;Ljava/security/AccessControlContext;)Ljava/lang/Object; (0 bytes) @ 0x000000000356cb66 [0x000000000356cb00+0x66]
J 1309 C1 java.awt.EventQueue.dispatchEvent(Ljava/awt/AWTEvent;)V (80 bytes) @ 0x00000000035ed344 [0x00000000035ec9c0+0x984]
J 1462 C1 java.awt.EventDispatchThread.pumpOneEventForFilters(I)V (190 bytes) @ 0x000000000364a78c [0x0000000003649640+0x114c]
j  java.awt.EventDispatchThread.pumpEventsForFilter(ILjava/awt/Conditional;Ljava/awt/EventFilter;)V+35
j  java.awt.EventDispatchThread.pumpEventsForHierarchy(ILjava/awt/Conditional;Ljava/awt/Component;)V+11
j  java.awt.EventDispatchThread.pumpEvents(ILjava/awt/Conditional;)V+4
j  java.awt.EventDispatchThread.pumpEvents(Ljava/awt/Conditional;)V+3
j  java.awt.EventDispatchThread.run()V+9
v  ~StubRoutines::call_stub

---------------  P R O C E S S  ---------------

Java Threads: ( => current thread )
  0x0000000019fc4800 JavaThread "D3D Screen Updater" daemon [_thread_blocked, id=14652, stack(0x00000000244f0000,0x00000000245f0000)]
  0x0000000019fbd000 JavaThread "AWT-EventQueue-0-FPSAWTAnimator#00-Timer0" [_thread_blocked, id=15572, stack(0x00000000243f0000,0x00000000244f0000)]
  0x0000000019c5d800 JavaThread "AWT-EventQueue-0-SharedResourceRunner" daemon [_thread_blocked, id=3796, stack(0x0000000020210000,0x0000000020310000)]
  0x0000000003092800 JavaThread "DestroyJavaVM" [_thread_blocked, id=10172, stack(0x0000000002eb0000,0x0000000002fb0000)]
=>0x00000000199c1000 JavaThread "AWT-EventQueue-0" [_thread_in_native, id=14464, stack(0x000000001a5c0000,0x000000001a6c0000)]
  0x00000000199bb800 JavaThread "AWT-Windows" daemon [_thread_in_native, id=18596, stack(0x000000001a360000,0x000000001a460000)]
  0x00000000199b6800 JavaThread "AWT-Shutdown" [_thread_blocked, id=11944, stack(0x000000001a260000,0x000000001a360000)]
  0x00000000199b6000 JavaThread "Java2D Disposer" daemon [_thread_blocked, id=14096, stack(0x000000001a160000,0x000000001a260000)]
  0x0000000019250800 JavaThread "Service Thread" daemon [_thread_blocked, id=15776, stack(0x0000000019620000,0x0000000019720000)]
  0x00000000178b6800 JavaThread "C1 CompilerThread2" daemon [_thread_blocked, id=8852, stack(0x0000000019120000,0x0000000019220000)]
  0x00000000178b1800 JavaThread "C2 CompilerThread1" daemon [_thread_blocked, id=12152, stack(0x0000000019020000,0x0000000019120000)]
  0x00000000178ae000 JavaThread "C2 CompilerThread0" daemon [_thread_blocked, id=6812, stack(0x0000000018f20000,0x0000000019020000)]
  0x00000000178ad000 JavaThread "Attach Listener" daemon [_thread_blocked, id=1224, stack(0x0000000018e20000,0x0000000018f20000)]
  0x00000000178ab800 JavaThread "Signal Dispatcher" daemon [_thread_blocked, id=14012, stack(0x0000000018d20000,0x0000000018e20000)]
  0x000000000318c800 JavaThread "Finalizer" daemon [_thread_blocked, id=3696, stack(0x0000000018b20000,0x0000000018c20000)]
  0x0000000017879000 JavaThread "Reference Handler" daemon [_thread_blocked, id=12948, stack(0x0000000018a20000,0x0000000018b20000)]

Other Threads:
  0x0000000017877800 VMThread [stack: 0x0000000018920000,0x0000000018a20000] [id=12116]
  0x000000001790d000 WatcherThread [stack: 0x0000000019720000,0x0000000019820000] [id=18756]

VM state:not at safepoint (normal execution)

VM Mutex/Monitor currently owned by a thread: None

Heap:
 PSYoungGen      total 35840K, used 23469K [0x00000000d8300000, 0x00000000dab00000, 0x0000000100000000)
  eden space 30720K, 59% used [0x00000000d8300000,0x00000000d94fc0a8,0x00000000da100000)
  from space 5120K, 98% used [0x00000000da100000,0x00000000da5ef678,0x00000000da600000)
  to   space 5120K, 0% used [0x00000000da600000,0x00000000da600000,0x00000000dab00000)
 ParOldGen       total 81920K, used 0K [0x0000000088800000, 0x000000008d800000, 0x00000000d8300000)
  object space 81920K, 0% used [0x0000000088800000,0x0000000088800000,0x000000008d800000)
 Metaspace       used 17185K, capacity 17400K, committed 17792K, reserved 1064960K
  class space    used 1719K, capacity 1804K, committed 1920K, reserved 1048576K

Card table byte_map: [0x0000000012550000,0x0000000012910000] byte_map_base: 0x000000001210c000

Marking Bits: (ParMarkBitMap*) 0x0000000052032d00
 Begin Bits: [0x0000000012f90000, 0x0000000014d70000)
 End Bits:   [0x0000000014d70000, 0x0000000016b50000)

Polling page: 0x0000000000df0000

CodeCache: size=245760Kb used=6075Kb max_used=6085Kb free=239684Kb
 bounds [0x0000000003190000, 0x0000000003790000, 0x0000000012190000]
 total_blobs=2715 nmethods=1812 adapters=816
 compilation: enabled

Compilation events (10 events):
Event: 11.895 Thread 0x00000000178b6800 1808   !   3       java.awt.AWTEvent::dispatched (47 bytes)
Event: 11.896 Thread 0x00000000178b6800 nmethod 1808 0x000000000377f1d0 code [0x000000000377f3c0, 0x000000000377fdf8]
Event: 11.941 Thread 0x00000000178ae000 1809       4       java.util.concurrent.locks.ReentrantLock::unlock (10 bytes)
Event: 11.946 Thread 0x00000000178ae000 nmethod 1809 0x000000000377ed10 code [0x000000000377ee60, 0x000000000377f008]
Event: 11.957 Thread 0x00000000178b6800 1810       3       java.util.HashMap::afterNodeRemoval (1 bytes)
Event: 11.958 Thread 0x00000000178b6800 nmethod 1810 0x000000000377ea10 code [0x000000000377eb60, 0x000000000377ecb0]
Event: 12.066 Thread 0x00000000178b1800 1811       4       javax.swing.SwingUtilities::computeIntersection (189 bytes)
Event: 12.068 Thread 0x00000000178b1800 nmethod 1811 0x000000000377e650 code [0x000000000377e7a0, 0x000000000377e8b8]
Event: 12.109 Thread 0x00000000178b6800 1812       3       java.util.concurrent.locks.AbstractQueuedSynchronizer::enq (58 bytes)
Event: 12.110 Thread 0x00000000178b6800 nmethod 1812 0x0000000003784290 code [0x0000000003784420, 0x0000000003784950]

GC Heap History (2 events):
Event: 2.673 GC heap before
{Heap before GC invocations=1 (full 0):
 PSYoungGen      total 35840K, used 30720K [0x00000000d8300000, 0x00000000dab00000, 0x0000000100000000)
  eden space 30720K, 100% used [0x00000000d8300000,0x00000000da100000,0x00000000da100000)
  from space 5120K, 0% used [0x00000000da600000,0x00000000da600000,0x00000000dab00000)
  to   space 5120K, 0% used [0x00000000da100000,0x00000000da100000,0x00000000da600000)
 ParOldGen       total 81920K, used 0K [0x0000000088800000, 0x000000008d800000, 0x00000000d8300000)
  object space 81920K, 0% used [0x0000000088800000,0x0000000088800000,0x000000008d800000)
 Metaspace       used 12187K, capacity 12384K, committed 12544K, reserved 1060864K
  class space    used 1190K, capacity 1247K, committed 1280K, reserved 1048576K
Event: 2.689 GC heap after
Heap after GC invocations=1 (full 0):
 PSYoungGen      total 35840K, used 5053K [0x00000000d8300000, 0x00000000dab00000, 0x0000000100000000)
  eden space 30720K, 0% used [0x00000000d8300000,0x00000000d8300000,0x00000000da100000)
  from space 5120K, 98% used [0x00000000da100000,0x00000000da5ef678,0x00000000da600000)
  to   space 5120K, 0% used [0x00000000da600000,0x00000000da600000,0x00000000dab00000)
 ParOldGen       total 81920K, used 0K [0x0000000088800000, 0x000000008d800000, 0x00000000d8300000)
  object space 81920K, 0% used [0x0000000088800000,0x0000000088800000,0x000000008d800000)
 Metaspace       used 12187K, capacity 12384K, committed 12544K, reserved 1060864K
  class space    used 1190K, capacity 1247K, committed 1280K, reserved 1048576K
}

Deoptimization events (5 events):
Event: 0.512 Thread 0x00000000199c1000 Uncommon trap: reason=unstable_if action=reinterpret pc=0x000000000332e778 method=java.lang.String.indexOf([CII[CIII)I @ 3
Event: 1.167 Thread 0x00000000199c1000 Uncommon trap: reason=unstable_if action=reinterpret pc=0x000000000335cc8c method=java.lang.String.<init>([CII)V @ 18
Event: 1.790 Thread 0x00000000199c1000 Uncommon trap: reason=unstable_if action=reinterpret pc=0x0000000003344d88 method=java.lang.String.startsWith(Ljava/lang/String;I)Z @ 25
Event: 2.817 Thread 0x00000000199c1000 Uncommon trap: reason=unstable_if action=reinterpret pc=0x0000000003466134 method=java.lang.reflect.AccessibleObject.setAccessible0(Ljava/lang/reflect/AccessibleObject;Z)V @ 4
Event: 2.832 Thread 0x00000000199c1000 Uncommon trap: reason=unstable_if action=reinterpret pc=0x000000000342e198 method=sun.misc.MetaIndex.mayContain(Ljava/lang/String;)Z @ 38

Classes redefined (0 events):
No events

Internal exceptions (10 events):
Event: 0.234 Thread 0x0000000003092800 Exception <a 'java/security/PrivilegedActionException'> (0x00000000d84a0198) thrown at [C:\re\workspace\8-2-build-windows-amd64-cygwin\jdk8u181\11358\hotspot\src\share\vm\prims\jvm.cpp, line 1435]
Event: 0.234 Thread 0x0000000003092800 Exception <a 'java/security/PrivilegedActionException'> (0x00000000d84a03a8) thrown at [C:\re\workspace\8-2-build-windows-amd64-cygwin\jdk8u181\11358\hotspot\src\share\vm\prims\jvm.cpp, line 1435]
Event: 0.235 Thread 0x0000000003092800 Exception <a 'java/security/PrivilegedActionException'> (0x00000000d84a4018) thrown at [C:\re\workspace\8-2-build-windows-amd64-cygwin\jdk8u181\11358\hotspot\src\share\vm\prims\jvm.cpp, line 1435]
Event: 0.235 Thread 0x0000000003092800 Exception <a 'java/security/PrivilegedActionException'> (0x00000000d84a4228) thrown at [C:\re\workspace\8-2-build-windows-amd64-cygwin\jdk8u181\11358\hotspot\src\share\vm\prims\jvm.cpp, line 1435]
Event: 0.244 Thread 0x0000000003092800 Exception <a 'java/io/FileNotFoundException'> (0x00000000d84a67e0) thrown at [C:\re\workspace\8-2-build-windows-amd64-cygwin\jdk8u181\11358\hotspot\src\share\vm\prims\jni.cpp, line 709]
Event: 0.304 Thread 0x0000000003092800 Exception <a 'java/lang/NoSuchFieldError': method resolution failed> (0x00000000d85772e0) thrown at [C:\re\workspace\8-2-build-windows-amd64-cygwin\jdk8u181\11358\hotspot\src\share\vm\prims\methodHandles.cpp, line 1167]
Event: 0.307 Thread 0x0000000003092800 Exception <a 'java/lang/NoSuchFieldError': method resolution failed> (0x00000000d85846b0) thrown at [C:\re\workspace\8-2-build-windows-amd64-cygwin\jdk8u181\11358\hotspot\src\share\vm\prims\methodHandles.cpp, line 1167]
Event: 1.172 Thread 0x00000000199c1000 Exception <a 'java/io/FileNotFoundException'> (0x00000000d8b76e68) thrown at [C:\re\workspace\8-2-build-windows-amd64-cygwin\jdk8u181\11358\hotspot\src\share\vm\prims\jni.cpp, line 709]
Event: 1.218 Thread 0x00000000199c1000 Exception <a 'java/io/FileNotFoundException'> (0x00000000d8c551c0) thrown at [C:\re\workspace\8-2-build-windows-amd64-cygwin\jdk8u181\11358\hotspot\src\share\vm\prims\jni.cpp, line 709]
Event: 1.282 Thread 0x00000000199c1000 Exception <a 'java/io/FileNotFoundException'> (0x00000000d8d47bb0) thrown at [C:\re\workspace\8-2-build-windows-amd64-cygwin\jdk8u181\11358\hotspot\src\share\vm\prims\jni.cpp, line 709]

Events (10 events):
Event: 4.961 loading class edu/ou/cs/cg/assignment/homework03/Model$4
Event: 4.961 loading class edu/ou/cs/cg/assignment/homework03/Model$4 done
Event: 5.482 loading class com/jogamp/opengl/util/awt/TextRenderer$1
Event: 5.482 loading class com/jogamp/opengl/util/awt/TextRenderer$1 done
Event: 7.115 Thread 0x00000000199c1000 DEOPT PACKING pc=0x0000000003515dba sp=0x000000001a6be1f0
Event: 7.115 Thread 0x00000000199c1000 DEOPT UNPACKING pc=0x00000000031d7490 sp=0x000000001a6bdf10 mode 0
Event: 9.044 loading class edu/ou/cs/cg/assignment/homework03/Model$5
Event: 9.044 loading class edu/ou/cs/cg/assignment/homework03/Model$5 done
Event: 9.546 loading class edu/ou/cs/cg/assignment/homework03/Bubble
Event: 9.546 loading class edu/ou/cs/cg/assignment/homework03/Bubble done


Dynamic libraries:
0x00007ff7cdcc0000 - 0x00007ff7cdcf7000 	C:\Program Files\Java\jre1.8.0_181\bin\javaw.exe
0x00007ff9de450000 - 0x00007ff9de645000 	C:\WINDOWS\SYSTEM32\ntdll.dll
0x00007ff9dd260000 - 0x00007ff9dd31d000 	C:\WINDOWS\System32\KERNEL32.DLL
0x00007ff9dc030000 - 0x00007ff9dc2f9000 	C:\WINDOWS\System32\KERNELBASE.dll
0x00007ff9dd890000 - 0x00007ff9dd93c000 	C:\WINDOWS\System32\ADVAPI32.dll
0x00007ff9dd7f0000 - 0x00007ff9dd88e000 	C:\WINDOWS\System32\msvcrt.dll
0x00007ff9dd5e0000 - 0x00007ff9dd67c000 	C:\WINDOWS\System32\sechost.dll
0x00007ff9dc4b0000 - 0x00007ff9dc5db000 	C:\WINDOWS\System32\RPCRT4.dll
0x00007ff9dda80000 - 0x00007ff9ddc20000 	C:\WINDOWS\System32\USER32.dll
0x00007ff9dbd10000 - 0x00007ff9dbd32000 	C:\WINDOWS\System32\win32u.dll
0x00007ff9dd710000 - 0x00007ff9dd73a000 	C:\WINDOWS\System32\GDI32.dll
0x00007ff9dc3a0000 - 0x00007ff9dc4ab000 	C:\WINDOWS\System32\gdi32full.dll
0x00007ff9dc300000 - 0x00007ff9dc39d000 	C:\WINDOWS\System32\msvcp_win.dll
0x00007ff9dbd40000 - 0x00007ff9dbe40000 	C:\WINDOWS\System32\ucrtbase.dll
0x00007ff9cd3f0000 - 0x00007ff9cd68a000 	C:\WINDOWS\WinSxS\amd64_microsoft.windows.common-controls_6595b64144ccf1df_6.0.19041.844_none_ca00b6081b84eb1d\COMCTL32.dll
0x00007ff9dcf90000 - 0x00007ff9dcfc0000 	C:\WINDOWS\System32\IMM32.DLL
0x0000000051730000 - 0x0000000051802000 	C:\Program Files\Java\jre1.8.0_181\bin\msvcr100.dll
0x0000000051810000 - 0x00000000520b2000 	C:\Program Files\Java\jre1.8.0_181\bin\server\jvm.dll
0x00007ff9dcfd0000 - 0x00007ff9dcfd8000 	C:\WINDOWS\System32\PSAPI.DLL
0x00007ff9d25e0000 - 0x00007ff9d25ea000 	C:\WINDOWS\SYSTEM32\VERSION.dll
0x00007ff9cf6a0000 - 0x00007ff9cf6c7000 	C:\WINDOWS\SYSTEM32\WINMM.dll
0x00007ff9c8760000 - 0x00007ff9c8769000 	C:\WINDOWS\SYSTEM32\WSOCK32.dll
0x00007ff9dd570000 - 0x00007ff9dd5db000 	C:\WINDOWS\System32\WS2_32.dll
0x0000000054580000 - 0x000000005458f000 	C:\Program Files\Java\jre1.8.0_181\bin\verify.dll
0x0000000054550000 - 0x0000000054579000 	C:\Program Files\Java\jre1.8.0_181\bin\java.dll
0x0000000054530000 - 0x0000000054546000 	C:\Program Files\Java\jre1.8.0_181\bin\zip.dll
0x00007ff9dc640000 - 0x00007ff9dcd82000 	C:\WINDOWS\System32\SHELL32.dll
0x00007ff9d99e0000 - 0x00007ff9da170000 	C:\WINDOWS\SYSTEM32\windows.storage.dll
0x00007ff9ddc20000 - 0x00007ff9ddf75000 	C:\WINDOWS\System32\combase.dll
0x00007ff9db530000 - 0x00007ff9db55c000 	C:\WINDOWS\SYSTEM32\Wldp.dll
0x00007ff9dcee0000 - 0x00007ff9dcf8e000 	C:\WINDOWS\System32\SHCORE.dll
0x00007ff9dce80000 - 0x00007ff9dced5000 	C:\WINDOWS\System32\shlwapi.dll
0x00007ff9dbad0000 - 0x00007ff9dbaef000 	C:\WINDOWS\SYSTEM32\profapi.dll
0x0000000051590000 - 0x0000000051729000 	C:\Program Files\Java\jre1.8.0_181\bin\awt.dll
0x00007ff9dd190000 - 0x00007ff9dd25d000 	C:\WINDOWS\System32\OLEAUT32.dll
0x00007ff9d9150000 - 0x00007ff9d91e0000 	C:\WINDOWS\SYSTEM32\apphelp.dll
0x00007ff9d92a0000 - 0x00007ff9d933e000 	C:\WINDOWS\system32\uxtheme.dll
0x00007ff9dd320000 - 0x00007ff9dd435000 	C:\WINDOWS\System32\MSCTF.dll
0x00007ff9dd440000 - 0x00007ff9dd56a000 	C:\WINDOWS\System32\ole32.dll
0x00007ff9da890000 - 0x00007ff9da8a2000 	C:\WINDOWS\SYSTEM32\kernel.appcore.dll
0x00007ff9dbc90000 - 0x00007ff9dbd10000 	C:\WINDOWS\System32\bcryptPrimitives.dll
0x00007ff9db480000 - 0x00007ff9db498000 	C:\WINDOWS\SYSTEM32\CRYPTSP.dll
0x00007ff9dac50000 - 0x00007ff9dac84000 	C:\WINDOWS\system32\rsaenh.dll
0x00007ff9dc000000 - 0x00007ff9dc027000 	C:\WINDOWS\System32\bcrypt.dll
0x00007ff9dba50000 - 0x00007ff9dba7e000 	C:\WINDOWS\SYSTEM32\USERENV.dll
0x00007ff9db4a0000 - 0x00007ff9db4ac000 	C:\WINDOWS\SYSTEM32\CRYPTBASE.dll
0x00000000543b0000 - 0x00000000543ca000 	C:\Program Files\Java\jre1.8.0_181\bin\net.dll
0x00007ff9db2b0000 - 0x00007ff9db31a000 	C:\WINDOWS\system32\mswsock.dll
0x00007ff9dafa0000 - 0x00007ff9dafdb000 	C:\WINDOWS\SYSTEM32\IPHLPAPI.DLL
0x00007ff9dcfc0000 - 0x00007ff9dcfc8000 	C:\WINDOWS\System32\NSI.dll
0x00007ff9da170000 - 0x00007ff9da187000 	C:\WINDOWS\SYSTEM32\dhcpcsvc6.DLL
0x00007ff9d99c0000 - 0x00007ff9d99dd000 	C:\WINDOWS\SYSTEM32\dhcpcsvc.DLL
0x00007ff9daff0000 - 0x00007ff9db0bb000 	C:\WINDOWS\SYSTEM32\DNSAPI.dll
0x0000000054390000 - 0x00000000543a1000 	C:\Program Files\Java\jre1.8.0_181\bin\nio.dll
0x000000006e8c0000 - 0x000000006e8cd000 	C:\Users\ATB\AppData\Local\Temp\jogamp_0000\file_cache\jln6512520409438726006\jln1933209155503908819\natives\windows-amd64\gluegen_rt.dll
0x0000000054350000 - 0x0000000054357000 	C:\Program Files\Java\jre1.8.0_181\bin\jawt.dll
0x000000006a440000 - 0x000000006a44d000 	C:\Users\ATB\AppData\Local\Temp\jogamp_0000\file_cache\jln6512520409438726006\jln1933209155503908819\natives\windows-amd64\nativewindow_awt.dll
0x00007ff9d94f0000 - 0x00007ff9d951f000 	C:\WINDOWS\system32\DWMAPI.DLL
0x00007ff997830000 - 0x00007ff997956000 	C:\WINDOWS\system32\opengl32.dll
0x00007ff9b1ce0000 - 0x00007ff9b1d0c000 	C:\WINDOWS\SYSTEM32\GLU32.dll
0x00007ff999860000 - 0x00007ff999a2f000 	C:\WINDOWS\system32\d3d9.dll
0x00007ff9cf6d0000 - 0x00007ff9cf851000 	C:\WINDOWS\System32\DriverStore\FileRepository\c0315305.inf_amd64_4a255a9cc495b028\aticfx64.dll
0x00007ff9b13a0000 - 0x00007ff9b13c9000 	C:\WINDOWS\System32\DriverStore\FileRepository\c0315305.inf_amd64_4a255a9cc495b028\atiu9p64.dll
0x00007ff992020000 - 0x00007ff992ad9000 	C:\WINDOWS\System32\DriverStore\FileRepository\c0315305.inf_amd64_4a255a9cc495b028\atiumd64.dll
0x0000000052270000 - 0x0000000052dd4000 	C:\WINDOWS\System32\DriverStore\FileRepository\c0315305.inf_amd64_4a255a9cc495b028\atiumd6a.dll
0x00007ff9dba00000 - 0x00007ff9dba4b000 	C:\WINDOWS\SYSTEM32\POWRPROF.dll
0x00007ff9db9e0000 - 0x00007ff9db9f2000 	C:\WINDOWS\SYSTEM32\UMPDC.dll
0x00007ff9d0100000 - 0x00007ff9d013b000 	C:\WINDOWS\SYSTEM32\dxcore.dll
0x00007ff9dbc40000 - 0x00007ff9dbc8e000 	C:\WINDOWS\System32\cfgmgr32.dll
0x000000006c100000 - 0x000000006c110000 	C:\Users\ATB\AppData\Local\Temp\jogamp_0000\file_cache\jln6512520409438726006\jln1933209155503908819\natives\windows-amd64\nativewindow_win32.dll
0x0000000064500000 - 0x0000000064585000 	C:\Users\ATB\AppData\Local\Temp\jogamp_0000\file_cache\jln6512520409438726006\jln1933209155503908819\natives\windows-amd64\jogl_desktop.dll
0x0000000064340000 - 0x0000000064391000 	C:\Users\ATB\AppData\Local\Temp\jogamp_0000\file_cache\jln6512520409438726006\jln1933209155503908819\natives\windows-amd64\jogl_mobile.dll
0x00007ff9dd740000 - 0x00007ff9dd7e9000 	C:\WINDOWS\System32\clbcatq.dll
0x00007ff9d5240000 - 0x00007ff9d533a000 	C:\Windows\System32\AppXDeploymentClient.dll
0x00007ff9ccdb0000 - 0x00007ff9ccdcf000 	C:\WINDOWS\System32\DriverStore\FileRepository\c0315305.inf_amd64_4a255a9cc495b028\atig6pxx.dll
0x0000000075360000 - 0x0000000077313000 	C:\WINDOWS\System32\DriverStore\FileRepository\c0315305.inf_amd64_4a255a9cc495b028\atio6axx.dll
0x00007ff9ddf80000 - 0x00007ff9de3e9000 	C:\WINDOWS\System32\SETUPAPI.dll
0x00007ff9d2cf0000 - 0x00007ff9d2d14000 	C:\WINDOWS\SYSTEM32\dxva2.dll
0x00007ff9af7b0000 - 0x00007ff9af7e3000 	C:\WINDOWS\System32\DriverStore\FileRepository\c0315305.inf_amd64_4a255a9cc495b028\atig6txx.dll
0x00007ff999ba0000 - 0x00007ff999cf4000 	C:\WINDOWS\SYSTEM32\atiadlxx.dll
0x00007ff9d7a10000 - 0x00007ff9d7b07000 	C:\WINDOWS\SYSTEM32\PROPSYS.dll
0x00007ff9d7060000 - 0x00007ff9d7074000 	C:\WINDOWS\SYSTEM32\WTSAPI32.dll
0x00007ff9db760000 - 0x00007ff9db78c000 	C:\WINDOWS\SYSTEM32\DEVOBJ.dll
0x00007ff9dbe40000 - 0x00007ff9dbea0000 	C:\WINDOWS\System32\WINTRUST.dll
0x00007ff9dbea0000 - 0x00007ff9dbfff000 	C:\WINDOWS\System32\CRYPT32.dll
0x00007ff9db710000 - 0x00007ff9db722000 	C:\WINDOWS\SYSTEM32\MSASN1.dll
0x0000000051540000 - 0x0000000051587000 	C:\Program Files\Java\jre1.8.0_181\bin\fontmanager.dll
0x00007ff9d26c0000 - 0x00007ff9d27bb000 	C:\WINDOWS\SYSTEM32\textinputframework.dll
0x00007ff9d7e90000 - 0x00007ff9d81ee000 	C:\WINDOWS\System32\CoreUIComponents.dll
0x00007ff9d8f50000 - 0x00007ff9d9042000 	C:\WINDOWS\System32\CoreMessaging.dll
0x00007ff9d5a20000 - 0x00007ff9d5b74000 	C:\WINDOWS\SYSTEM32\wintypes.dll
0x00007ff9da850000 - 0x00007ff9da883000 	C:\WINDOWS\SYSTEM32\ntmarta.dll
0x00000000514f0000 - 0x0000000051532000 	C:\Program Files\Java\jre1.8.0_181\bin\t2k.dll
0x00007ff9da250000 - 0x00007ff9da434000 	C:\WINDOWS\SYSTEM32\dbghelp.dll

VM Arguments:
jvm_args: -Dfile.encoding=Cp1252 
java_command: edu.ou.cs.cg.assignment.homework03.Application
java_class_path (initial): C:\Users\ATB\Desktop\homework03base\homework03\Build\ou-cs-cg\bin\main;C:\Users\ATB\.gradle\caches\modules-2\files-2.1\com.metsci.ext.org.jogamp.jogl\jogl-all-main\2.4.0-rc-20200202\6a86a9ce357c085e3052efcf639447f9957b82b8\jogl-all-main-2.4.0-rc-20200202.jar;C:\Users\ATB\.gradle\caches\modules-2\files-2.1\com.metsci.ext.org.jogamp.gluegen\gluegen-rt-main\2.4.0-rc-20200202\6a86a9ce357c085e3052efcf639447f9957b82b8\gluegen-rt-main-2.4.0-rc-20200202.jar;C:\Users\ATB\.gradle\caches\modules-2\files-2.1\com.metsci.ext.org.jogamp.jogl\jogl-all\2.4.0-rc-20200202\7882665be2181858983144c6a8a55f417345d335\jogl-all-2.4.0-rc-20200202.jar;C:\Users\ATB\.gradle\caches\modules-2\files-2.1\com.metsci.ext.org.jogamp.jogl\jogl-all\2.4.0-rc-20200202\fa1d92a647d4a62d3a6dccf0d664b9b0994f02e4\jogl-all-2.4.0-rc-20200202-natives-linux-amd64.jar;C:\Users\ATB\.gradle\caches\modules-2\files-2.1\com.metsci.ext.org.jogamp.jogl\jogl-all\2.4.0-rc-20200202\49af062c14ba6de8ddd8e0e2d6780217bae679ac\jogl-all-2.4.0-rc-20200202-natives-linux-i586.jar;C:\Users\ATB\.gradle\caches\modules-2\files-2.1\com.metsci.ext.org.jogamp.jogl\jogl-all\2.4.0-rc-20200202\201f9210efaa34daf059b04ceff3ae507dfbc03c\jogl-all-2.4.0-rc-20200202-natives-macosx-universal.jar;C:\Users\ATB\.gradle\caches\modules-2\files-2.1\com.metsci.ext.org.jogamp.jogl\jogl-all\2.4.0-rc-20200202\740e95895d3d4acef338f98d32cb63fe66037615\jogl-all-2.4.0-rc-20200202-natives-windows-amd64.jar;C:\Users\ATB\.gradle\caches\modules-2\files-2.1\com.metsci.ext.org.jogamp.jogl\jogl-all\2.4.0-rc-20200202\fd9214af5839c38f2a788432487f8a490e23efcb\jogl-all-2.4.0-rc-20200202-natives-windows-i586.jar;C:\Users\ATB\.gradle\caches\modules-2\files-2.1\com.metsci.ext.org.jogamp.gluegen\gluegen-rt\2.4.0-rc-20200202\b0de13cfa89929226e8ce034db7d16f6dcefe18b\gluegen-rt-2.4.0-rc-20200202.jar;C:\Users\ATB\.gradle\caches\modules-2\files-2.1\com.metsci.ext.org.jogamp.gluegen\gluegen-rt\2.4.0-rc-20200202\3a4c4abce18f9203825a1ef8475340ad1e92462f\glueg
Launcher Type: SUN_STANDARD

Environment Variables:
JAVA_HOME=C:\Program Files\Java\jdk1.8.0_181
CLASSPATH=C:\Program Files\Java\jdk1.8.0_181\lib\mssql-jdbc-8.4.1.jre8.jar
PATH=C:/Program Files/Java/jre1.8.0_181/bin/server;C:/Program Files/Java/jre1.8.0_181/bin;C:/Program Files/Java/jre1.8.0_181/lib/amd64;C:\Program Files (x86)\Common Files\Oracle\Java\javapath;C:\ProgramData\Oracle\Java\javapath;C:\WINDOWS\system32;C:\WINDOWS;C:\WINDOWS\System32\Wbem;C:\WINDOWS\System32\WindowsPowerShell\v1.0\;C:\WINDOWS\System32\OpenSSH\;C:\Program Files\Java\jdk1.8.0_181\bin;C:\Program Files\Git\cmd;C:\Program Files\Java\jdk-11.0.1\bin;C:\Program Files (x86)\CodeBlocks\MinGW\bin;C:\Program Files\PuTTY\;C:\Program Files\Intel\WiFi\bin\;C:\Program Files\Common Files\Intel\WirelessCommon\;C:\Program Files (x86)\Wolfram Research\WolframScript\;C:\Ruby26-x64\bin;C:\Users\ATB\AppData\Local\Microsoft\WindowsApps;C:\Program Files\Java\jdk-11.0.1\bin;C:\Users\ATB\AppData\Local\Programs\Microsoft VS Code\bin;C:\Users\ATB\AppData\Local\Programs\Azure Data Studio\bin;C:\Users\ATB\maven\apache-maven-3.6.3\bin;C:\Users\ATB\AppData\Local\Google\Cloud SDK\google-cloud-sdk\bin;C:\WINDOWS\System32;
USERNAME=ATB
OS=Windows_NT
PROCESSOR_IDENTIFIER=AMD64 Family 21 Model 101 Stepping 1, AuthenticAMD



---------------  S Y S T E M  ---------------

OS: Windows 10.0 , 64 bit Build 19041 (10.0.19041.804)

CPU:total 4 (initial active 4) (4 cores per cpu, 1 threads per core) family 21 model 101 stepping 1, cmov, cx8, fxsr, mmx, sse, sse2, sse3, ssse3, sse4.1, sse4.2, popcnt, avx, avx2, aes, clmul, mmxext, 3dnowpref, lzcnt, sse4a, tsc, tscinvbit, tscinv, bmi1

Memory: 4k page, physical 7830648k(1356884k free), swap 14493952k(5385164k free)

vm_info: Java HotSpot(TM) 64-Bit Server VM (25.181-b13) for windows-amd64 JRE (1.8.0_181-b13), built on Jul  7 2018 04:01:33 by "java_re" with MS VC++ 10.0 (VS2010)

time: Sun Mar 21 16:37:41 2021
elapsed time: 12 seconds (0d 0h 0m 12s)

